mode: set
timesync-be/features/company/services/service.go:17.57,21.2 1 1
timesync-be/features/company/services/service.go:24.63,26.16 2 1
timesync-be/features/company/services/service.go:30.2,30.17 1 1
timesync-be/features/company/services/service.go:26.16,29.3 2 1
timesync-be/features/company/services/service.go:34.137,36.24 2 1
timesync-be/features/company/services/service.go:53.2,54.16 2 1
timesync-be/features/company/services/service.go:58.2,58.17 1 1
timesync-be/features/attendance/services/service.go:14.69,18.2 1 1
timesync-be/features/attendance/services/service.go:21.118,24.16 3 1
timesync-be/features/attendance/services/service.go:31.2,31.17 1 1
timesync-be/features/attendance/services/service.go:24.16,25.66 1 1
timesync-be/features/attendance/services/service.go:25.66,27.4 1 1
timesync-be/features/attendance/services/service.go:27.9,29.4 1 1
timesync-be/features/attendance/services/service.go:35.119,38.16 3 1
timesync-be/features/attendance/services/service.go:45.2,45.17 1 1
timesync-be/features/attendance/services/service.go:38.16,39.63 1 1
timesync-be/features/attendance/services/service.go:39.63,41.4 1 1
timesync-be/features/attendance/services/service.go:41.9,43.4 1 1
timesync-be/features/attendance/services/service.go:49.150,52.16 3 1
timesync-be/features/attendance/services/service.go:59.2,59.12 1 1
timesync-be/features/attendance/services/service.go:52.16,53.58 1 1
timesync-be/features/attendance/services/service.go:53.58,55.4 1 1
timesync-be/features/attendance/services/service.go:55.9,57.4 1 1
timesync-be/features/attendance/services/service.go:63.116,66.16 3 1
timesync-be/features/attendance/services/service.go:74.2,74.17 1 1
timesync-be/features/attendance/services/service.go:66.16,67.58 1 1
timesync-be/features/attendance/services/service.go:67.58,69.4 1 1
timesync-be/features/attendance/services/service.go:69.9,71.4 1 1
timesync-be/features/announcement/services/service.go:15.77,19.2 1 1
timesync-be/features/announcement/services/service.go:21.131,24.17 2 1
timesync-be/features/announcement/services/service.go:28.2,29.16 2 1
timesync-be/features/announcement/services/service.go:33.2,33.17 1 1
timesync-be/features/announcement/services/service.go:24.17,26.3 1 1
timesync-be/features/announcement/services/service.go:29.16,32.3 2 1
timesync-be/features/announcement/services/service.go:36.80,38.16 2 1
timesync-be/features/announcement/services/service.go:47.2,47.17 1 1
timesync-be/features/announcement/services/service.go:38.16,40.49 2 1
timesync-be/features/announcement/services/service.go:45.3,45.48 1 1
timesync-be/features/announcement/services/service.go:40.49,42.4 1 1
timesync-be/features/announcement/services/service.go:42.9,44.4 1 1
timesync-be/features/announcement/services/service.go:50.122,53.13 2 1
timesync-be/features/announcement/services/service.go:57.2,58.16 2 1
timesync-be/features/announcement/services/service.go:68.2,68.17 1 1
timesync-be/features/announcement/services/service.go:53.13,55.3 1 1
timesync-be/features/announcement/services/service.go:58.16,60.49 2 1
timesync-be/features/announcement/services/service.go:65.3,65.46 1 1
timesync-be/features/announcement/services/service.go:60.49,62.4 1 1
timesync-be/features/announcement/services/service.go:62.9,64.4 1 1
timesync-be/features/announcement/services/service.go:71.98,74.13 2 1
timesync-be/features/announcement/services/service.go:78.2,80.16 2 1
timesync-be/features/announcement/services/service.go:85.2,85.12 1 1
timesync-be/features/announcement/services/service.go:74.13,76.3 1 1
timesync-be/features/announcement/services/service.go:80.16,83.3 2 1
timesync-be/features/company/services/service.go:17.57,21.2 1 0
timesync-be/features/company/services/service.go:24.63,26.16 2 0
timesync-be/features/company/services/service.go:30.2,30.17 1 0
timesync-be/features/company/services/service.go:26.16,29.3 2 0
timesync-be/features/company/services/service.go:34.137,36.24 2 0
timesync-be/features/company/services/service.go:53.2,54.16 2 0
timesync-be/features/company/services/service.go:58.2,58.17 1 0
timesync-be/features/company/services/service.go:36.24,37.29 1 0
timesync-be/features/company/services/service.go:40.3,43.17 4 0
timesync-be/features/company/services/service.go:46.3,48.17 3 0
timesync-be/features/company/services/service.go:51.3,51.33 1 0
timesync-be/features/company/services/service.go:37.29,39.4 1 0
timesync-be/features/company/services/service.go:43.17,45.4 1 0
timesync-be/features/company/services/service.go:48.17,50.4 1 0
timesync-be/features/company/services/service.go:54.16,57.3 2 0
timesync-be/features/approval/services/service.go:17.61,21.2 1 1
timesync-be/features/approval/services/service.go:23.142,26.21 2 1
timesync-be/features/approval/services/service.go:30.2,30.24 1 1
timesync-be/features/approval/services/service.go:51.2,52.16 2 1
timesync-be/features/approval/services/service.go:61.2,61.17 1 1
timesync-be/features/approval/services/service.go:26.21,28.3 1 1
timesync-be/features/approval/services/service.go:30.24,31.29 1 0
timesync-be/features/approval/services/service.go:34.3,37.17 4 0
timesync-be/features/approval/services/service.go:41.3,41.28 1 0
timesync-be/features/approval/services/service.go:44.3,46.17 3 0
timesync-be/features/approval/services/service.go:49.3,49.40 1 0
timesync-be/features/approval/services/service.go:31.29,33.4 1 0
timesync-be/features/approval/services/service.go:37.17,39.4 1 0
timesync-be/features/approval/services/service.go:41.28,43.4 1 0
timesync-be/features/approval/services/service.go:46.17,48.4 1 0
timesync-be/features/approval/services/service.go:52.16,54.49 2 1
timesync-be/features/approval/services/service.go:59.3,59.42 1 1
timesync-be/features/approval/services/service.go:54.49,56.4 1 1
timesync-be/features/approval/services/service.go:56.9,58.4 1 1
timesync-be/features/approval/services/service.go:65.68,67.16 2 1
timesync-be/features/approval/services/service.go:76.2,76.17 1 1
timesync-be/features/approval/services/service.go:67.16,69.49 2 1
timesync-be/features/approval/services/service.go:74.3,74.44 1 1
timesync-be/features/approval/services/service.go:69.49,71.4 1 1
timesync-be/features/approval/services/service.go:71.9,73.4 1 1
timesync-be/features/approval/services/service.go:80.134,83.18 2 1
timesync-be/features/approval/services/service.go:87.2,88.16 2 1
timesync-be/features/approval/services/service.go:99.2,102.17 3 1
timesync-be/features/approval/services/service.go:83.18,85.3 1 1
timesync-be/features/approval/services/service.go:88.16,90.49 2 1
timesync-be/features/approval/services/service.go:97.3,97.42 1 1
timesync-be/features/approval/services/service.go:90.49,92.4 1 1
timesync-be/features/approval/services/service.go:92.9,92.59 1 1
timesync-be/features/approval/services/service.go:92.59,94.4 1 0
timesync-be/features/approval/services/service.go:94.9,96.4 1 1
timesync-be/features/setting/services/service.go:14.57,18.2 1 1
timesync-be/features/setting/services/service.go:21.63,23.16 2 1
timesync-be/features/setting/services/service.go:27.2,27.17 1 1
timesync-be/features/setting/services/service.go:23.16,26.3 2 1
timesync-be/features/setting/services/service.go:31.109,34.16 3 1
timesync-be/features/setting/services/service.go:38.2,38.17 1 1
timesync-be/features/setting/services/service.go:34.16,37.3 2 1
timesync-be/features/user/services/service.go:21.45,25.2 1 1
timesync-be/features/user/services/service.go:27.72,31.16 4 1
timesync-be/features/user/services/service.go:43.2,43.17 1 1
timesync-be/features/user/services/service.go:31.16,33.50 2 1
timesync-be/features/user/services/service.go:40.3,40.38 1 1
timesync-be/features/user/services/service.go:33.50,35.4 1 1
timesync-be/features/user/services/service.go:35.9,35.52 1 1
timesync-be/features/user/services/service.go:35.52,37.4 1 1
timesync-be/features/user/services/service.go:37.9,39.4 1 1
timesync-be/features/user/services/service.go:46.80,48.16 2 1
timesync-be/features/user/services/service.go:57.2,57.71 1 1
timesync-be/features/user/services/service.go:62.2,68.27 6 1
timesync-be/features/user/services/service.go:48.16,50.45 2 1
timesync-be/features/user/services/service.go:55.3,55.42 1 1
timesync-be/features/user/services/service.go:50.45,52.4 1 1
timesync-be/features/user/services/service.go:52.9,54.4 1 1
timesync-be/features/user/services/service.go:57.71,60.3 2 1
timesync-be/features/user/services/service.go:72.74,75.16 3 1
timesync-be/features/user/services/service.go:79.2,79.12 1 1
timesync-be/features/user/services/service.go:75.16,78.3 2 1
timesync-be/features/user/services/service.go:83.123,85.31 2 1
timesync-be/features/user/services/service.go:89.2,89.24 1 1
timesync-be/features/user/services/service.go:111.2,112.16 2 1
timesync-be/features/user/services/service.go:121.2,121.17 1 1
timesync-be/features/user/services/service.go:85.31,88.3 2 0
timesync-be/features/user/services/service.go:89.24,90.29 1 0
timesync-be/features/user/services/service.go:94.3,97.17 4 0
timesync-be/features/user/services/service.go:101.3,101.28 1 0
timesync-be/features/user/services/service.go:104.3,106.17 3 0
timesync-be/features/user/services/service.go:109.3,109.40 1 0
timesync-be/features/user/services/service.go:90.29,92.4 1 0
timesync-be/features/user/services/service.go:97.17,99.4 1 0
timesync-be/features/user/services/service.go:101.28,103.4 1 0
timesync-be/features/user/services/service.go:106.17,108.4 1 0
timesync-be/features/user/services/service.go:112.16,114.49 2 1
timesync-be/features/user/services/service.go:119.3,119.38 1 1
timesync-be/features/user/services/service.go:114.49,116.4 1 0
timesync-be/features/user/services/service.go:116.9,118.4 1 1
timesync-be/features/user/services/service.go:125.66,127.24 2 0
timesync-be/features/user/services/service.go:142.2,143.16 2 0
timesync-be/features/user/services/service.go:148.2,148.12 1 0
timesync-be/features/user/services/service.go:127.24,129.17 2 0
timesync-be/features/user/services/service.go:132.3,134.17 3 0
timesync-be/features/user/services/service.go:137.3,137.21 1 0
timesync-be/features/user/services/service.go:140.3,140.35 1 0
timesync-be/features/user/services/service.go:129.17,131.4 1 0
timesync-be/features/user/services/service.go:134.17,136.4 1 0
timesync-be/features/user/services/service.go:137.21,139.4 1 0
timesync-be/features/user/services/service.go:143.16,146.3 2 0
timesync-be/features/user/services/service.go:153.71,156.16 3 1
timesync-be/features/user/services/service.go:160.2,160.17 1 1
timesync-be/features/user/services/service.go:156.16,159.3 2 1
timesync-be/features/user/services/service.go:164.73,166.16 2 1
timesync-be/features/user/services/service.go:170.2,170.17 1 1
timesync-be/features/user/services/service.go:166.16,169.3 2 1
timesync-be/features/user/services/service.go:174.132,175.31 1 1
timesync-be/features/user/services/service.go:179.2,179.24 1 1
timesync-be/features/user/services/service.go:196.2,197.16 2 1
timesync-be/features/user/services/service.go:208.2,208.17 1 1
timesync-be/features/user/services/service.go:175.31,178.3 2 0
timesync-be/features/user/services/service.go:179.24,180.29 1 0
timesync-be/features/user/services/service.go:183.3,186.17 4 0
timesync-be/features/user/services/service.go:189.3,191.17 3 0
timesync-be/features/user/services/service.go:194.3,194.40 1 0
timesync-be/features/user/services/service.go:180.29,182.4 1 0
timesync-be/features/user/services/service.go:186.17,188.4 1 0
timesync-be/features/user/services/service.go:191.17,193.4 1 0
timesync-be/features/user/services/service.go:197.16,199.49 2 1
timesync-be/features/user/services/service.go:206.3,206.38 1 1
timesync-be/features/user/services/service.go:199.49,201.4 1 0
timesync-be/features/user/services/service.go:201.9,201.57 1 1
timesync-be/features/user/services/service.go:201.57,203.4 1 0
timesync-be/features/user/services/service.go:203.9,205.4 1 1
timesync-be/features/user/services/service.go:212.63,214.16 2 1
timesync-be/features/user/services/service.go:218.2,218.17 1 1
timesync-be/features/user/services/service.go:214.16,217.3 2 1
