mode: set
timesync-be/features/attendance/services/service.go:15.69,19.2 1 1
timesync-be/features/attendance/services/service.go:22.118,25.16 3 1
timesync-be/features/attendance/services/service.go:34.2,34.17 1 1
timesync-be/features/attendance/services/service.go:25.16,26.66 1 1
timesync-be/features/attendance/services/service.go:26.66,28.4 1 1
timesync-be/features/attendance/services/service.go:28.9,28.71 1 1
timesync-be/features/attendance/services/service.go:28.71,30.4 1 1
timesync-be/features/attendance/services/service.go:30.9,32.4 1 1
timesync-be/features/attendance/services/service.go:38.119,41.16 3 1
timesync-be/features/attendance/services/service.go:50.2,50.17 1 1
timesync-be/features/attendance/services/service.go:41.16,42.63 1 1
timesync-be/features/attendance/services/service.go:42.63,44.4 1 1
timesync-be/features/attendance/services/service.go:44.9,44.69 1 1
timesync-be/features/attendance/services/service.go:44.69,46.4 1 1
timesync-be/features/attendance/services/service.go:46.9,48.4 1 1
timesync-be/features/attendance/services/service.go:54.150,57.16 3 1
timesync-be/features/attendance/services/service.go:64.2,64.12 1 1
timesync-be/features/attendance/services/service.go:57.16,58.58 1 1
timesync-be/features/attendance/services/service.go:58.58,60.4 1 1
timesync-be/features/attendance/services/service.go:60.9,62.4 1 1
timesync-be/features/attendance/services/service.go:68.116,71.16 3 1
timesync-be/features/attendance/services/service.go:79.2,79.17 1 1
timesync-be/features/attendance/services/service.go:71.16,72.58 1 1
timesync-be/features/attendance/services/service.go:72.58,74.4 1 1
timesync-be/features/attendance/services/service.go:74.9,76.4 1 1
timesync-be/features/attendance/services/service.go:83.92,86.16 3 1
timesync-be/features/attendance/services/service.go:90.2,90.17 1 1
timesync-be/features/attendance/services/service.go:86.16,89.3 2 1
timesync-be/features/attendance/services/service.go:94.99,97.16 3 1
timesync-be/features/attendance/services/service.go:101.2,101.17 1 1
timesync-be/features/attendance/services/service.go:97.16,100.3 2 1
timesync-be/features/attendance/services/service.go:105.112,108.16 3 1
timesync-be/features/attendance/services/service.go:112.2,112.17 1 1
timesync-be/features/attendance/services/service.go:108.16,111.3 2 1
timesync-be/features/attendance/services/service.go:116.126,118.16 2 1
timesync-be/features/attendance/services/service.go:126.2,126.27 1 1
timesync-be/features/attendance/services/service.go:118.16,119.58 1 1
timesync-be/features/attendance/services/service.go:119.58,121.4 1 1
timesync-be/features/attendance/services/service.go:121.9,123.4 1 1
